[    0.000000] Initializing cgroup subsys cpuset
[    0.000000] Initializing cgroup subsys cpu
[    0.000000] Initializing cgroup subsys cpuacct
[    0.000000] Linux version 4.4.0-210-generic (buildd@lgw01-amd64-009) (gcc version 5.4.0 20160609 (Ubuntu 5.4.0-6ubuntu1~16.04.12) ) #242-Ubuntu SMP Fri Apr 16 09:57:56 UTC 2021 (Ubuntu 4.4.0-210.242-generic 4.4.262)
[    0.000000] Command line: BOOT_IMAGE=/boot/vmlinuz-4.4.0-210-generic root=LABEL=cloudimg-rootfs ro console=tty1 console=ttyS0
[    0.000000] KERNEL supported cpus:
[    0.000000]   Intel GenuineIntel
[    0.000000]   AMD AuthenticAMD
[    0.000000]   Centaur CentaurHauls
[    0.000000] x86/fpu: Legacy x87 FPU detected.
[    0.000000] e820: BIOS-provided physical RAM map:
[    0.000000] BIOS-e820: [mem 0x0000000000000000-0x000000000009fbff] usable
[    0.000000] BIOS-e820: [mem 0x000000000009fc00-0x000000000009ffff] reserved
[    0.000000] BIOS-e820: [mem 0x00000000000f0000-0x00000000000fffff] reserved
[    0.000000] BIOS-e820: [mem 0x0000000000100000-0x000000003ffeffff] usable
[    0.000000] BIOS-e820: [mem 0x000000003fff0000-0x000000003fffffff] ACPI data
[    0.000000] BIOS-e820: [mem 0x00000000fec00000-0x00000000fec00fff] reserved
[    0.000000] BIOS-e820: [mem 0x00000000fee00000-0x00000000fee00fff] reserved
[    0.000000] BIOS-e820: [mem 0x00000000fffc0000-0x00000000ffffffff] reserved
[    0.000000] NX (Execute Disable) protection: active
[    0.000000] SMBIOS 2.5 present.
[    0.000000] Hypervisor detected: KVM
[    0.000000] e820: last_pfn = 0x3fff0 max_arch_pfn = 0x400000000
[    0.000000] MTRR: Disabled
[    0.000000] x86/PAT: MTRRs disabled, skipping PAT initialization too.
[    0.000000] CPU MTRRs all blank - virtualized system.
[    0.000000] x86/PAT: Configuration [0-7]: WB  WT  UC- UC  WB  WT  UC- UC  
[    0.000000] found SMP MP-table at [mem 0x0009fff0-0x0009ffff] mapped at [ffff88000009fff0]
[    0.000000] Scanning 1 areas for low memory corruption
[    0.000000] RAMDISK: [mem 0x362dc000-0x37165fff]
[    0.000000] ACPI: Early table checksum verification disabled
[    0.000000] ACPI: RSDP 0x00000000000E0000 000024 (v02 VBOX  )
[    0.000000] ACPI: XSDT 0x000000003FFF0030 00003C (v01 VBOX   VBOXXSDT 00000001 ASL  00000061)
[    0.000000] ACPI: FACP 0x000000003FFF00F0 0000F4 (v04 VBOX   VBOXFACP 00000001 ASL  00000061)
[    0.000000] ACPI: DSDT 0x000000003FFF0470 002325 (v02 VBOX   VBOXBIOS 00000002 INTL 20100528)
[    0.000000] ACPI: FACS 0x000000003FFF0200 000040
[    0.000000] ACPI: FACS 0x000000003FFF0200 000040
[    0.000000] ACPI: APIC 0x000000003FFF0240 00005C (v02 VBOX   VBOXAPIC 00000001 ASL  00000061)
[    0.000000] ACPI: SSDT 0x000000003FFF02A0 0001CC (v01 VBOX   VBOXCPUT 00000002 INTL 20100528)
[    0.000000] No NUMA configuration found
[    0.000000] Faking a node at [mem 0x0000000000000000-0x000000003ffeffff]
[    0.000000] NODE_DATA(0) allocated [mem 0x3ffeb000-0x3ffeffff]
[    0.000000] kvm-clock: Using msrs 4b564d01 and 4b564d00
[    0.000000] kvm-clock: cpu 0, msr 0:3ffe3001, primary cpu clock
[    0.000000] kvm-clock: using sched offset of 4496505437 cycles
[    0.000000] clocksource: kvm-clock: mask: 0xffffffffffffffff max_cycles: 0x1cd42e4dffb, max_idle_ns: 881590591483 ns
[    0.000000] Zone ranges:
[    0.000000]   DMA      [mem 0x0000000000001000-0x0000000000ffffff]
[    0.000000]   DMA32    [mem 0x0000000001000000-0x000000003ffeffff]
[    0.000000]   Normal   empty
[    0.000000]   Device   empty
[    0.000000] Movable zone start for each node
[    0.000000] Early memory node ranges
[    0.000000]   node   0: [mem 0x0000000000001000-0x000000000009efff]
[    0.000000]   node   0: [mem 0x0000000000100000-0x000000003ffeffff]
[    0.000000] Initmem setup node 0 [mem 0x0000000000001000-0x000000003ffeffff]
[    0.000000] ACPI: PM-Timer IO Port: 0x4008
[    0.000000] IOAPIC[0]: apic_id 2, version 32, address 0xfec00000, GSI 0-23
[    0.000000] ACPI: INT_SRC_OVR (bus 0 bus_irq 0 global_irq 2 dfl dfl)
[    0.000000] ACPI: INT_SRC_OVR (bus 0 bus_irq 9 global_irq 9 low level)
[    0.000000] Using ACPI (MADT) for SMP configuration information
[    0.000000] smpboot: Allowing 2 CPUs, 0 hotplug CPUs
[    0.000000] PM: Registered nosave memory: [mem 0x00000000-0x00000fff]
[    0.000000] PM: Registered nosave memory: [mem 0x0009f000-0x0009ffff]
[    0.000000] PM: Registered nosave memory: [mem 0x000a0000-0x000effff]
[    0.000000] PM: Registered nosave memory: [mem 0x000f0000-0x000fffff]
[    0.000000] e820: [mem 0x40000000-0xfebfffff] available for PCI devices
[    0.000000] Booting paravirtualized kernel on KVM
[    0.000000] clocksource: refined-jiffies: mask: 0xffffffff max_cycles: 0xffffffff, max_idle_ns: 7645519600211568 ns
[    0.000000] setup_percpu: NR_CPUS:512 nr_cpumask_bits:512 nr_cpu_ids:2 nr_node_ids:1
[    0.000000] PERCPU: Embedded 33 pages/cpu @ffff88003fc00000 s95192 r8192 d31784 u1048576
[    0.000000] Built 1 zonelists in Node order, mobility grouping on.  Total pages: 257912
[    0.000000] Policy zone: DMA32
[    0.000000] Kernel command line: BOOT_IMAGE=/boot/vmlinuz-4.4.0-210-generic root=LABEL=cloudimg-rootfs ro console=tty1 console=ttyS0
[    0.000000] PID hash table entries: 4096 (order: 3, 32768 bytes)
[    0.000000] Memory: 997792K/1048120K available (8644K kernel code, 1332K rwdata, 4044K rodata, 1492K init, 1164K bss, 50328K reserved, 0K cma-reserved)
[    0.000000] SLUB: HWalign=64, Order=0-3, MinObjects=0, CPUs=2, Nodes=1
[    0.000000] Kernel/User page tables isolation: enabled
[    0.000000] Hierarchical RCU implementation.
[    0.000000] 	Build-time adjustment of leaf fanout to 64.
[    0.000000] 	RCU restricting CPUs from NR_CPUS=512 to nr_cpu_ids=2.
[    0.000000] RCU: Adjusting geometry for rcu_fanout_leaf=64, nr_cpu_ids=2
[    0.000000] NR_IRQS:33024 nr_irqs:440 16
[    0.000000] Console: colour VGA+ 80x25
[    0.000000] console [tty1] enabled
[    0.000000] console [ttyS0] enabled
[    0.000000] tsc: Detected 4008.000 MHz processor
[    0.648811] Calibrating delay loop (skipped) preset value.. 8016.00 BogoMIPS (lpj=16032000)
[    0.657209] pid_max: default: 32768 minimum: 301
[    0.661709] ACPI: Core revision 20150930
[    0.669023] ACPI: 2 ACPI AML tables successfully acquired and loaded
[    0.676876] Security Framework initialized
[    0.681684] Yama: becoming mindful.
[    0.687240] AppArmor: AppArmor initialized
[    0.691434] Dentry cache hash table entries: 131072 (order: 8, 1048576 bytes)
[    0.703411] Inode-cache hash table entries: 65536 (order: 7, 524288 bytes)
[    0.714286] Mount-cache hash table entries: 2048 (order: 2, 16384 bytes)
[    0.722160] Mountpoint-cache hash table entries: 2048 (order: 2, 16384 bytes)
[    0.730485] Initializing cgroup subsys io
[    0.734885] Initializing cgroup subsys memory
[    0.741433] Initializing cgroup subsys devices
[    0.746012] Initializing cgroup subsys freezer
[    0.750565] Initializing cgroup subsys net_cls
[    0.755464] Initializing cgroup subsys perf_event
[    0.761983] Initializing cgroup subsys net_prio
[    0.767655] Initializing cgroup subsys hugetlb
[    0.776931] Initializing cgroup subsys pids
[    0.782262] mce: CPU supports 0 MCE banks
[    0.786873] Last level iTLB entries: 4KB 64, 2MB 8, 4MB 8
[    0.794977] Last level dTLB entries: 4KB 64, 2MB 0, 4MB 0, 1GB 4
[    0.806858] Spectre V1 : Mitigation: usercopy/swapgs barriers and __user pointer sanitization
[    0.824528] Spectre V2 : Mitigation: Full generic retpoline
[    0.831760] Spectre V2 : Spectre v2 / SpectreRSB mitigation: Filling RSB on context switch
[    0.842972] Speculative Store Bypass: Vulnerable
[    0.848839] MDS: Mitigation: Clear CPU buffers
[    0.898735] Freeing SMP alternatives memory: 36K
[    0.998489] ftrace: allocating 32380 entries in 127 pages
[    1.645314] smpboot: APIC(0) Converting physical 0 to logical package 0
[    1.656024] smpboot: Max logical packages: 1
[    1.675925] ..TIMER: vector=0x30 apic1=0 pin1=2 apic2=-1 pin2=-1
[    1.792275] smpboot: CPU0: Intel(R) Core(TM) i7-6700K CPU @ 4.00GHz (family: 0x6, model: 0x5e, stepping: 0x3)
[    1.805807] Performance Events: unsupported p6 CPU model 94 no PMU driver, software events only.
[    1.912128] KVM setup paravirtual spinlock
[    1.918961] x86: Booting SMP configuration:
[    1.923528] .... node  #0, CPUs:      #1
[    1.928860] kvm-clock: cpu 1, msr 0:3ffe3041, secondary cpu clock
[    1.934222] mce: CPU supports 0 MCE banks
[    1.939118] TSC synchronization [CPU#0 -> CPU#1]:
[    1.944007] Measured 90430 cycles TSC warp between CPUs, turning off TSC clock.
[    1.951461] tsc: Marking TSC unstable due to check_tsc_sync_source failed
[    0.562540] x86: Booted up 1 node, 2 CPUs
[    0.564003] smpboot: Total of 2 processors activated (16032.00 BogoMIPS)
[    0.576083] devtmpfs: initialized
[    0.581686] evm: security.selinux
[    0.584005] evm: security.SMACK64
[    0.588008] evm: security.SMACK64EXEC
[    0.592003] evm: security.SMACK64TRANSMUTE
[    0.596007] evm: security.SMACK64MMAP
[    0.600021] evm: security.ima
[    0.603202] evm: security.capability
[    0.608313] clocksource: jiffies: mask: 0xffffffff max_cycles: 0xffffffff, max_idle_ns: 7645041785100000 ns
[    0.612013] futex hash table entries: 512 (order: 3, 32768 bytes)
[    0.616384] pinctrl core: initialized pinctrl subsystem
[    0.620403] RTC time: 17:50:43, date: 02/08/23
[    0.625098] NET: Registered protocol family 16
[    0.640008] cpuidle: using governor ladder
[    0.652018] cpuidle: using governor menu
[    0.656124] PCCT header not found.
[    0.660084] ACPI: bus type PCI registered
[    0.664003] acpiphp: ACPI Hot Plug PCI Controller Driver version: 0.5
[    0.668472] PCI: Using configuration type 1 for base access
[    0.688515] ACPI: Added _OSI(Module Device)
[    0.692005] ACPI: Added _OSI(Processor Device)
[    0.696003] ACPI: Added _OSI(3.0 _SCP Extensions)
[    0.700006] ACPI: Added _OSI(Processor Aggregator Device)
[    0.708338] ACPI: Executed 1 blocks of module-level executable AML code
[    0.720109] ACPI: Interpreter enabled
[    0.724009] ACPI: (supports S0 S5)
[    0.728003] ACPI: Using IOAPIC for interrupt routing
[    0.732363] PCI: Using host bridge windows from ACPI; if necessary, use "pci=nocrs" and report a bug
[    0.746959] ACPI: PCI Root Bridge [PCI0] (domain 0000 [bus 00-ff])
[    0.748022] acpi PNP0A03:00: _OSC: OS supports [ASPM ClockPM Segments MSI]
[    0.752666] acpi PNP0A03:00: _OSC: not requesting OS control; OS requires [ExtendedConfig ASPM ClockPM MSI]
[    0.756018] acpi PNP0A03:00: fail to add MMCONFIG information, can't access extended PCI configuration space under this bridge.
[    0.760836] PCI host bridge to bus 0000:00
[    0.764008] pci_bus 0000:00: root bus resource [io  0x0000-0x0cf7 window]
[    0.768005] pci_bus 0000:00: root bus resource [io  0x0d00-0xffff window]
[    0.772007] pci_bus 0000:00: root bus resource [mem 0x000a0000-0x000bffff window]
[    0.776016] pci_bus 0000:00: root bus resource [mem 0x40000000-0xfdffffff window]
[    0.780008] pci_bus 0000:00: root bus resource [bus 00-ff]
[    0.794481] pci 0000:00:01.1: legacy IDE quirk: reg 0x10: [io  0x01f0-0x01f7]
[    0.796011] pci 0000:00:01.1: legacy IDE quirk: reg 0x14: [io  0x03f6]
[    0.800013] pci 0000:00:01.1: legacy IDE quirk: reg 0x18: [io  0x0170-0x0177]
[    0.804008] pci 0000:00:01.1: legacy IDE quirk: reg 0x1c: [io  0x0376]
[    0.829069] pci 0000:00:07.0: quirk: [io  0x4000-0x403f] claimed by PIIX4 ACPI
[    0.832048] pci 0000:00:07.0: quirk: [io  0x4100-0x410f] claimed by PIIX4 SMB
[    0.846424] ACPI: PCI Interrupt Link [LNKA] (IRQs 5 9 10 *11)
[    0.860500] ACPI: PCI Interrupt Link [LNKB] (IRQs 5 9 *10 11)
[    0.871353] ACPI: PCI Interrupt Link [LNKC] (IRQs 5 *9 10 11)
[    0.877319] ACPI: PCI Interrupt Link [LNKD] (IRQs 5 9 10 *11)
[    0.887210] ACPI: Enabled 2 GPEs in block 00 to 07
[    0.892052] vgaarb: setting as boot device: PCI:0000:00:02.0
[    0.896000] vgaarb: device added: PCI:0000:00:02.0,decodes=io+mem,owns=io+mem,locks=none
[    0.896010] vgaarb: loaded
[    0.900007] vgaarb: bridge control possible 0000:00:02.0
[    0.904440] SCSI subsystem initialized
[    0.912188] ACPI: bus type USB registered
[    0.916179] usbcore: registered new interface driver usbfs
[    0.920151] usbcore: registered new interface driver hub
[    0.924026] usbcore: registered new device driver usb
[    0.932347] PCI: Using ACPI for IRQ routing
[    0.936839] NetLabel: Initializing
[    0.940002] NetLabel:  domain hash size = 128
[    0.944002] NetLabel:  protocols = UNLABELED CIPSOv4
[    0.948052] NetLabel:  unlabeled traffic allowed by default
[    0.956171] amd_nb: Cannot enumerate AMD northbridges
[    0.960272] clocksource: Switched to clocksource kvm-clock
[    0.990166] AppArmor: AppArmor Filesystem Enabled
[    0.990166] pnp: PnP ACPI init
[    0.990166] pnp: PnP ACPI: found 3 devices
[    1.058374] clocksource: acpi_pm: mask: 0xffffff max_cycles: 0xffffff, max_idle_ns: 2085701024 ns
[    1.060556] NET: Registered protocol family 2
[    1.072744] TCP established hash table entries: 8192 (order: 4, 65536 bytes)
[    1.079994] TCP bind hash table entries: 8192 (order: 5, 131072 bytes)
[    1.083688] TCP: Hash tables configured (established 8192 bind 8192)
[    1.083688] UDP hash table entries: 512 (order: 2, 16384 bytes)
[    1.083688] UDP-Lite hash table entries: 512 (order: 2, 16384 bytes)
[    1.083688] NET: Registered protocol family 1
[    1.083688] pci 0000:00:00.0: Limiting direct PCI/PCI transfers
[    1.083688] pci 0000:00:01.0: Activating ISA DMA hang workarounds
[    1.083688] Unpacking initramfs...
[    1.083688] Freeing initrd memory: 14888K
[    1.083688] clocksource: tsc: mask: 0xffffffffffffffff max_cycles: 0x39c5e21a6f1, max_idle_ns: 440795312983 ns
[    1.083688] platform rtc_cmos: registered platform RTC device (no PNP device found)
[    1.083688] Scanning for low memory corruption every 60 seconds
[    1.467598] audit: initializing netlink subsys (disabled)
[    1.473251] audit: type=2000 audit(1675878648.964:1): initialized
[    1.479661] Initialise system trusted keyring
[    1.486269] HugeTLB registered 2 MB page size, pre-allocated 0 pages
[    1.495008] zbud: loaded
[    1.498845] VFS: Disk quotas dquot_6.6.0
[    1.503235] VFS: Dquot-cache hash table entries: 512 (order 0, 4096 bytes)
[    1.511279] squashfs: version 4.0 (2009/01/31) Phillip Lougher
[    1.518936] fuse init (API version 7.23)
[    1.523776] Key type big_key registered
[    1.528366] Allocating IMA MOK and blacklist keyrings.
[    1.551013] Key type asymmetric registered
[    1.556009] Asymmetric key parser 'x509' registered
[    1.561222] Block layer SCSI generic (bsg) driver version 0.4 loaded (major 249)
[    1.571591] io scheduler noop registered
[    1.576749] io scheduler deadline registered (default)
[    1.582841] io scheduler cfq registered
[    1.587444] pci_hotplug: PCI Hot Plug PCI Core version: 0.5
[    1.593060] pciehp: PCI Express Hot Plug Controller Driver version: 0.4
[    1.600137] ACPI: AC Adapter [AC] (on-line)
[    1.604865] input: Power Button as /devices/LNXSYSTM:00/LNXPWRBN:00/input/input0
[    1.612922] ACPI: Power Button [PWRF]
[    1.617389] input: Sleep Button as /devices/LNXSYSTM:00/LNXSLPBN:00/input/input1
[    1.624780] ACPI: Sleep Button [SLPF]
[    1.629969] GHES: HEST is not enabled!
[    1.634636] Serial: 8250/16550 driver, 32 ports, IRQ sharing enabled
[    1.667615] 00:02: ttyS0 at I/O 0x3f8 (irq = 4, base_baud = 115200) is a 16550A
[    1.696857] Linux agpgart interface v0.103
[    1.714308] loop: module loaded
[    1.720307] scsi host0: ata_piix
[    1.724690] scsi host1: ata_piix
[    1.728321] ata1: PATA max UDMA/33 cmd 0x1f0 ctl 0x3f6 bmdma 0xd000 irq 14
[    1.728647] ata2: PATA max UDMA/33 cmd 0x170 ctl 0x376 bmdma 0xd008 irq 15
[    1.742122] libphy: Fixed MDIO Bus: probed
[    1.748131] tun: Universal TUN/TAP device driver, 1.6
[    1.753686] tun: (C) 1999-2004 Max Krasnyansky <maxk@qualcomm.com>
[    1.760324] PPP generic driver version 2.4.2
[    1.765250] ehci_hcd: USB 2.0 'Enhanced' Host Controller (EHCI) Driver
[    1.772429] ehci-pci: EHCI PCI platform driver
[    1.779406] ehci-platform: EHCI generic platform driver
[    1.787337] ohci_hcd: USB 1.1 'Open' Host Controller (OHCI) Driver
[    1.793600] ohci-pci: OHCI PCI platform driver
[    1.797991] ohci-platform: OHCI generic platform driver
[    1.802892] uhci_hcd: USB Universal Host Controller Interface driver
[    1.809457] i8042: PNP: PS/2 Controller [PNP0303:PS2K,PNP0f03:PS2M] at 0x60,0x64 irq 1,12
[    1.822423] serio: i8042 KBD port at 0x60,0x64 irq 1
[    1.827889] serio: i8042 AUX port at 0x60,0x64 irq 12
[    1.831839] mousedev: PS/2 mouse device common for all mice
[    1.841403] rtc_cmos rtc_cmos: rtc core: registered rtc_cmos as rtc0
[    1.849191] rtc_cmos rtc_cmos: alarms up to one day, 114 bytes nvram
[    1.855920] i2c /dev entries driver
[    1.859934] device-mapper: uevent: version 1.0.3
[    1.865434] device-mapper: ioctl: 4.34.0-ioctl (2015-10-28) initialised: dm-devel@redhat.com
[    1.874445] ledtrig-cpu: registered to indicate activity on CPUs
[    1.885615] input: AT Translated Set 2 keyboard as /devices/platform/i8042/serio0/input/input2
[    1.961483] NET: Registered protocol family 10
[    1.971145] NET: Registered protocol family 17
[    1.980548] Key type dns_resolver registered
[    1.988029] registered taskstats version 1
[    1.994415] Loading compiled-in X.509 certificates
[    2.001272] Loaded X.509 cert 'Build time autogenerated kernel key: cf00e047681d67edb2720680708b7d9498083038'
[    2.012596] zswap: loaded using pool lzo/zbud
[    2.023339] Key type trusted registered
[    2.035753] Key type encrypted registered
[    2.041159] AppArmor: AppArmor sha1 policy hashing enabled
[    2.049032] ima: No TPM chip found, activating TPM-bypass!
[    2.055611] ima: Allocated hash algorithm: sha1
[    2.061368] evm: HMAC attrs: 0x1
[    2.066391]   Magic number: 11:167:845
[    2.071417] rtc_cmos rtc_cmos: setting system clock to 2023-02-08 17:50:45 UTC (1675878645)
[    2.082041] BIOS EDD facility v0.16 2004-Jun-25, 0 devices found
[    2.089044] EDD information not available.
[    2.095825] Freeing unused kernel memory: 1492K
[    2.100786] Write protecting the kernel read-only data: 14336k
[    2.108918] Freeing unused kernel memory: 1584K
[    2.116826] Freeing unused kernel memory: 52K
Loading, please wait...
starting version 229
[    2.150268] random: systemd-udevd: uninitialized urandom read (16 bytes read, 5 bits of entropy available)
[    2.151589] random: udevadm: uninitialized urandom read (16 bytes read, 5 bits of entropy available)
[    2.151614] random: udevadm: uninitialized urandom read (16 bytes read, 5 bits of entropy available)
[    2.161550] random: udevadm: uninitialized urandom read (16 bytes read, 5 bits of entropy available)
[    2.161581] random: udevadm: uninitialized urandom read (16 bytes read, 5 bits of entropy available)
[    2.161725] random: udevadm: uninitialized urandom read (16 bytes read, 5 bits of entropy available)
[    2.161762] random: udevadm: uninitialized urandom read (16 bytes read, 5 bits of entropy available)
[    2.161839] random: udevadm: uninitialized urandom read (16 bytes read, 5 bits of entropy available)
[    2.161877] random: udevadm: uninitialized urandom read (16 bytes read, 5 bits of entropy available)
[    2.161938] random: udevadm: uninitialized urandom read (16 bytes read, 5 bits of entropy available)
[    2.284564] e1000: Intel(R) PRO/1000 Network Driver - version 7.3.21-k8-NAPI
[    2.293262] e1000: Copyright (c) 1999-2006 Intel Corporation.
[    2.314352] Fusion MPT base driver 3.04.20
[    2.316132] Copyright (c) 1999-2008 LSI Corporation
[    2.354965] Fusion MPT SPI Host driver 3.04.20
[    3.017714] input: ImExPS/2 Generic Explorer Mouse as /devices/platform/i8042/serio1/input/input4
[    3.025401] e1000 0000:00:03.0 eth0: (PCI:33MHz:32-bit) 02:be:82:6b:cc:1d
[    3.025405] e1000 0000:00:03.0 eth0: Intel(R) PRO/1000 Network Connection
[    3.036902] e1000 0000:00:03.0 enp0s3: renamed from eth0
[    3.037971] mptbase: ioc0: Initiating bringup
[    3.107472] ioc0: LSI53C1030 A0: Capabilities={Initiator}
[    3.290502] scsi host2: ioc0: LSI53C1030 A0, FwRev=00000000h, Ports=1, MaxQ=256, IRQ=20
[    3.410723] scsi 2:0:0:0: Direct-Access     VBOX     HARDDISK         1.0  PQ: 0 ANSI: 5
[    3.420203] scsi target2:0:0: Beginning Domain Validation
[    3.433387] scsi target2:0:0: Domain Validation skipping write tests
[    3.440491] scsi target2:0:0: Ending Domain Validation
[    3.447298] scsi target2:0:0: asynchronous
[    3.455657] scsi 2:0:1:0: Direct-Access     VBOX     HARDDISK         1.0  PQ: 0 ANSI: 5
[    3.464195] scsi target2:0:1: Beginning Domain Validation
[    3.479555] scsi target2:0:1: Domain Validation skipping write tests
[    3.486549] scsi target2:0:1: Ending Domain Validation
[    3.492376] scsi target2:0:1: asynchronous
[    3.530231] sd 2:0:0:0: [sda] 83886080 512-byte logical blocks: (42.9 GB/40.0 GiB)
[    3.538560] sd 2:0:0:0: Attached scsi generic sg0 type 0
[    3.546188] sd 2:0:0:0: [sda] Write Protect is off
[    3.553193] sd 2:0:1:0: [sdb] 20480 512-byte logical blocks: (10.5 MB/10.0 MiB)
[    3.561535] sd 2:0:1:0: Attached scsi generic sg1 type 0
[    3.590548] sd 2:0:0:0: [sda] Incomplete mode parameter data
[    3.597603] sd 2:0:0:0: [sda] Assuming drive cache: write through
[    3.605135] sd 2:0:1:0: [sdb] Write Protect is off
[    3.613619] sd 2:0:1:0: [sdb] Incomplete mode parameter data
[    3.621079] sd 2:0:1:0: [sdb] Assuming drive cache: write through
[    3.645471]  sda: sda1
[    3.651765] sd 2:0:0:0: [sda] Attached SCSI disk
[    3.670063] sd 2:0:1:0: [sdb] Attached SCSI disk
Begin: Loading essential drivers ... [    5.424636] md: linear personality registered for level -1
[    5.434760] md: multipath personality registered for level -4
[    5.445473] md: raid0 personality registered for level 0
[    5.467850] md: raid1 personality registered for level 1
[    5.544311] raid6: sse2x1   gen() 12727 MB/s
[    5.616244] raid6: sse2x1   xor()  8704 MB/s
[    5.684654] raid6: sse2x2   gen() 15457 MB/s
[    5.756414] raid6: sse2x2   xor()  9866 MB/s
[    5.828101] raid6: sse2x4   gen() 17153 MB/s
[    5.900571] raid6: sse2x4   xor()  9694 MB/s
[    5.906235] raid6: using algorithm sse2x4 gen() 17153 MB/s
[    5.912913] raid6: .... xor() 9694 MB/s, rmw enabled
[    5.919232] raid6: using ssse3x2 recovery algorithm
[    5.930136] xor: measuring software checksum speed
[   10.016222]    prefetch64-sse: -13465.-296 MB/sec
[   11.109960]    generic_sse: 46584.000 MB/sec
[   11.114991] xor: using function: generic_sse (46584.000 MB/sec)
[   11.125192] async_tx: api initialized (async)
[   11.176353] md: raid6 personality registered for level 6
[   11.182305] md: raid5 personality registered for level 5
[   11.188601] md: raid4 personality registered for level 4
[   11.215840] md: raid10 personality registered for level 10
done.
Begin: Running /scripts/init-premount ... done.
Begin: Mounting root file system ... Begin: Running /scripts/local-top ... done.
Begin: Running /scripts/local-premount ... [   11.304634] Btrfs loaded
Scanning for Btrfs filesystems
done.
Warning: fsck not present, so skipping root file system
[   11.416856] EXT4-fs (sda1): mounted filesystem with ordered data mode. Opts: (null)
done.
Begin: Running /scripts/local-bottom ... done.
Begin: Running /scripts/init-bottom ... done.
[   12.142250] systemd[1]: systemd 229 running in system mode. (+PAM +AUDIT +SELINUX +IMA +APPARMOR +SMACK +SYSVINIT +UTMP +LIBCRYPTSETUP +GCRYPT +GNUTLS +ACL +XZ -LZ4 +SECCOMP +BLKID +ELFUTILS +KMOD -IDN)
[   12.162971] systemd[1]: Detected virtualization oracle.
[   12.169458] systemd[1]: Detected architecture x86-64.

Welcome to [1mUbuntu 16.04.7 LTS[0m!

[   12.236396] systemd[1]: Set hostname to <ubuntu>.
[   12.258271] systemd[1]: Initializing machine ID from random generator.
[   12.265831] systemd[1]: Installed transient /etc/machine-id file.
[   12.342701] random: nonblocking pool is initialized
[   13.358411] systemd[1]: Listening on Device-mapper event daemon FIFOs.
[[0;32m  OK  [0m] Listening on Device-mapper event daemon FIFOs.
[   13.369978] systemd[1]: Listening on fsck to fsckd communication Socket.
[[0;32m  OK  [0m] Listening on fsck to fsckd communication Socket.
[   13.382395] systemd[1]: Listening on Journal Socket.
[[0;32m  OK  [0m] Listening on Journal Socket.
[   13.392686] systemd[1]: Reached target System Time Synchronized.
[[0;32m  OK  [0m] Reached target System Time Synchronized.
[   13.403759] systemd[1]: Created slice User and Session Slice.
[[0;32m  OK  [0m] Created slice User and Session Slice.
[   13.415081] systemd[1]: Listening on /dev/initctl Compatibility Named Pipe.
[[0;32m  OK  [0m] Listening on /dev/initctl Compatibility Named Pipe.
[   13.428863] systemd[1]: Listening on udev Control Socket.
[[0;32m  OK  [0m] Listening on udev Control Socket.
[   13.438576] systemd[1]: Reached target User and Group Name Lookups.
[[0;32m  OK  [0m] Reached target User and Group Name Lookups.
[   13.461897] systemd[1]: Listening on Journal Socket (/dev/log).
[[0;32m  OK  [0m] Listening on Journal Socket (/dev/log).
[   13.472934] systemd[1]: Reached target Encrypted Volumes.
[[0;32m  OK  [0m] Reached target Encrypted Volumes.
[   13.483788] systemd[1]: Started Forward Password Requests to Wall Directory Watch.
[[0;32m  OK  [0m] Started Forward Password Requests to Wall Directory Watch.
[   13.497295] systemd[1]: Reached target Swap.
[[0;32m  OK  [0m] Reached target Swap.
[   13.505427] systemd[1]: Listening on Journal Audit Socket.
[[0;32m  OK  [0m] Listening on Journal Audit Socket.
[   13.515332] systemd[1]: Listening on LVM2 poll daemon socket.
[[0;32m  OK  [0m] Listening on LVM2 poll daemon socket.
[   13.524926] systemd[1]: Listening on udev Kernel Socket.
[[0;32m  OK  [0m] Listening on udev Kernel Socket.
[   13.534425] systemd[1]: Set up automount Arbitrary Executable File Formats File System Automount Point.
[[0;32m  OK  [0m] Set up automount Arbitrary Executab...ats File System Automount Point.
[   13.548988] systemd[1]: Listening on Syslog Socket.
[[0;32m  OK  [0m] Listening on Syslog Socket.
[   13.557536] systemd[1]: Created slice System Slice.
[[0;32m  OK  [0m] Created slice System Slice.
[   13.567141] systemd[1]: Created slice system-serial\x2dgetty.slice.
[[0;32m  OK  [0m] Created slice system-serial\x2dgetty.slice.
[   13.601178] systemd[1]: Starting Create list of required static device nodes for the current kernel...
         Starting Create list of required st... nodes for the current kernel...
[   13.625902] systemd[1]: Mounting POSIX Message Queue File System...
         Mounting POSIX Message Queue File System...
[   13.637574] systemd[1]: Starting File System Check on Root Device...
         Starting File System Check on Root Device...
[   13.739580] systemd[1]: Starting Load Kernel Modules...
         Starting Load Kernel Modules...
[   13.752247] systemd[1]: Starting Uncomplicated firewall...
         Starting Uncomplicated firewall...
[   13.764792] systemd[1]: Starting Nameserver information manager...
         Starting Nameserver information manager...
[   13.828766] systemd[1]: Starting Journal Service...
         Starting Journal Service...
[   13.838933] systemd[1]: Mounting Debug File System...
         Mounting Debug File System...
[   13.850018] systemd[1]: Started Trigger resolvconf update for networkd DNS.
[[0;32m  OK  [0m] Started Trigger resolvconf update for networkd DNS.
[   13.883088] systemd[1]: Mounting Huge Pages File System...
         Mounting Huge Pages File System...
[   13.895249] systemd[1]: Listening on LVM2 metadata daemon socket.
[[0;32m  OK  [0m] Listening on LVM2 metadata daemon socket.
[   13.914156] systemd[1]: Starting Monitoring of LVM2 mirrors, snapshots etc. using dmeventd or progress polling...
         Starting Monitoring of LVM2 mirrors... dmeventd or progress polling...
[   13.936679] systemd[1]: Starting Set console keymap...
[   13.945240] Loading iSCSI transport class v2.0-870.
         Starting Set console keymap...
[   13.955392] systemd[1]: Reached target Slices.
[[0;32m  OK  [0m] Reached target Slices.
[   13.990307] systemd[1]: Mounted Huge Pages File System.
[[0;32m  OK  [0m] Mounted Huge Pages File System.
[   14.002631] systemd[1]: Mounted POSIX Message Queue File System.
[[0;32m  OK  [0m] Mounted POSIX Message Queue File System.
[   14.023878] systemd[1]: Mounted Debug File System.
[[0;32m  OK  [0m] Mounted Debug File System.
[   14.039421] systemd[1]: Started Create list of required static device nodes for the current kernel.
[   14.053830] iscsi: registered transport (tcp)
[[0;32m  OK  [0m] Started Create list of required sta...ce nodes for the current kernel.
[   14.064519] systemd[1]: Started Uncomplicated firewall.
[[0;32m  OK  [0m] Started Uncomplicated firewall.
[   14.088144] systemd[1]: Started File System Check Daemon to report status.
[[0;32m  OK  [0m] Started File System Check Daemon to report status.
[   14.105602] systemd[1]: Starting Create Static Device Nodes in /dev...
         Starting Create Static Device Nodes in /dev...
[   14.122914] systemd[1]: Started Journal Service.
[[0;32m  OK  [0m] Started Journal Service.
[[0;32m  OK  [0m] Started File System Check on Root Device.
[[0;32m  OK  [0m] Started Nameserver information manager.
         Starting Remount Root and Kernel File Systems...
[   14.189102] EXT4-fs (sda1): re-mounted. Opts: (null)
[[0;32m  OK  [0m] Started Remount Root and Kernel File Systems.
         Starting Load/Save Random Seed...
         Starting udev Coldplug all Devices...
         Starting Flush Journal to Persistent Storage...
[[0;32m  OK  [0m] Started Set console keymap.
[[0;32m  OK  [0m] Started LVM2 metadata daemon.
[[0;32m  OK  [0m] Started Load/Save Random Seed.
[[0;32m  OK  [0m] Started udev Coldplug all Devices.
[   14.436726] systemd-journald[371]: Received request to flush runtime journal from PID 1
[[0;32m  OK  [0m] Started Flush Journal to Persistent Storage.
[   14.532896] iscsi: registered transport (iser)
[[0;32m  OK  [0m] Started Load Kernel Modules.
         Mounting FUSE Control File System...
         Starting Apply Kernel Variables...
[[0;32m  OK  [0m] Mounted FUSE Control File System.
[[0;32m  OK  [0m] Started Create Static Device Nodes in /dev.
         Starting udev Kernel Device Manager...
[[0;32m  OK  [0m] Started Apply Kernel Variables.
[[0;32m  OK  [0m] Started Monitoring of LVM2 mirrors,...ng dmeventd or progress polling.
[[0;32m  OK  [0m] Reached target Local File Systems (Pre).
[[0;32m  OK  [0m] Reached target Local File Systems.
         Starting Tell Plymouth To Write Out Runtime Data...
         Starting Set console font and keymap...
         Starting Initial cloud-init job (pre-networking)...
         Starting Commit a transient machine-id on disk...
         Starting LSB: AppArmor initialization...
         Starting Create Volatile Files and Directories...
[[0;32m  OK  [0m] Started Commit a transient machine-id on disk.
[[0;32m  OK  [0m] Started Tell Plymouth To Write Out Runtime Data.
[[0;32m  OK  [0m] Started Create Volatile Files and Directories.
         Starting Update UTMP about System Boot/Shutdown...
[[0;32m  OK  [0m] Started Update UTMP about System Boot/Shutdown.
[[0;32m  OK  [0m] Started udev Kernel Device Manager.
[[0;32m  OK  [0m] Started Dispatch Password Requests to Console Directory Watch.
[[0;32m  OK  [0m] Found device /dev/ttyS0.
[[0;32m  OK  [0m] Listening on Load/Save RF Kill Switch Status /dev/rfkill Watch.
[[0;32m  OK  [0m] Started Set console font and keymap.
[[0;32m  OK  [0m] Created slice system-getty.slice.
[[0;32m  OK  [0m] Started LSB: AppArmor initialization.
         Starting Load AppArmor profiles managed internally by snapd...
[[0;32m  OK  [0m] Started Load AppArmor profiles managed internally by snapd.
[   21.095149] cloud-init[461]: Cloud-init v. 21.1-19-gbad84ad4-0ubuntu1~16.04.2 running 'init-local' at Wed, 08 Feb 2023 17:51:03 +0000. Up 20.44 seconds.
[[0;32m  OK  [0m] Started Initial cloud-init job (pre-networking).
[[0;32m  OK  [0m] Reached target Network (Pre).
         Starting Raise network interfaces...
[[0;32m  OK  [0m] Started Raise network interfaces.
[[0;32m  OK  [0m] Reached target Network.
         Starting Initial cloud-init job (metadata service crawler)...
[   25.137364] cloud-init[925]: Cloud-init v. 21.1-19-gbad84ad4-0ubuntu1~16.04.2 running 'init' at Wed, 08 Feb 2023 17:51:05 +0000. Up 22.22 seconds.
[   25.144208] cloud-init[925]: ci-info: ++++++++++++++++++++++++++++++++++++++Net device info++++++++++++++++++++++++++++++++++++++
[   25.152155] cloud-init[925]: ci-info: +--------+------+----------------------------+---------------+--------+-------------------+
[   25.159296] cloud-init[925]: ci-info: | Device |  Up  |          Address           |      Mask     | Scope  |     Hw-Address    |
[   25.169369] cloud-init[925]: ci-info: +--------+------+----------------------------+---------------+--------+-------------------+
[   25.182988] cloud-init[925]: ci-info: | enp0s3 | True |         10.0.2.15          | 255.255.255.0 | global | 02:be:82:6b:cc:1d |
[   25.198619] cloud-init[925]: ci-info: | enp0s3 | True | fe80::be:82ff:fe6b:cc1d/64 |       .       |  link  | 02:be:82:6b:cc:1d |
[   25.206433] cloud-init[925]: ci-info: |   lo   | True |         127.0.0.1          |   255.0.0.0   |  host  |         .         |
[   25.214229] cloud-init[925]: ci-info: |   lo   | True |          ::1/128           |       .       |  host  |         .         |
[   25.220492] cloud-init[925]: ci-info: +--------+------+----------------------------+---------------+--------+-------------------+
[   25.227549] cloud-init[925]: ci-info: +++++++++++++++++++++++++++Route IPv4 info++++++++++++++++++++++++++++
[   25.233397] cloud-init[925]: ci-info: +-------+-------------+----------+---------------+-----------+-------+
[   25.248026] cloud-init[925]: ci-info: | Route | Destination | Gateway  |    Genmask    | Interface | Flags |
[   25.254699] cloud-init[925]: ci-info: +-------+-------------+----------+---------------+-----------+-------+
[   25.261200] cloud-init[925]: ci-info: |   0   |   0.0.0.0   | 10.0.2.2 |    0.0.0.0    |   enp0s3  |   UG  |
[   25.266961] cloud-init[925]: ci-info: |   1   |   10.0.2.0  | 0.0.0.0  | 255.255.255.0 |   enp0s3  |   U   |
[   25.272811] cloud-init[925]: ci-info: +-------+-------------+----------+---------------+-----------+-------+
[   25.278600] cloud-init[925]: ci-info: +++++++++++++++++++Route IPv6 info+++++++++++++++++++
[   25.283768] cloud-init[925]: ci-info: +-------+-------------+---------+-----------+-------+
[   25.289922] cloud-init[925]: ci-info: | Route | Destination | Gateway | Interface | Flags |
[   25.294376] cloud-init[925]: ci-info: +-------+-------------+---------+-----------+-------+
[   25.299047] cloud-init[925]: ci-info: |   0   |  fe80::/64  |    ::   |   enp0s3  |   U   |
[   25.303574] cloud-init[925]: ci-info: |   3   |   ff00::/8  |    ::   |   enp0s3  |   U   |
[   25.308551] cloud-init[925]: ci-info: +-------+-------------+---------+-----------+-------+
[   25.314155] cloud-init[925]: Generating public/private rsa key pair.
[   25.319120] cloud-init[925]: Your identification has been saved in /etc/ssh/ssh_host_rsa_key.
[   25.325107] cloud-init[925]: Your public key has been saved in /etc/ssh/ssh_host_rsa_key.pub.
[   25.332634] cloud-init[925]: The key fingerprint is:
[   25.336862] cloud-init[925]: SHA256:VdYybXad2CERz824bTT81NhT3j4LbRKbjNPDOpK2Xp8 root@ubuntu-xenial
[   25.344194] cloud-init[925]: The key's randomart image is:
[   25.350148] cloud-init[925]: +---[RSA 2048]----+
[   25.354764] cloud-init[925]: |            o*=.=|
[   25.358441] cloud-init[925]: |           oo.XOB|
[   25.361871] cloud-init[925]: |          .  *oBX|
[   25.366413] cloud-init[925]: |         .  = =*+|
[[0;32m  OK  [0m] Started Initial cloud-init job (metadata service crawler).
[[0;32m  OK  [0m] Reached target System Initialization.
[[0;32m  OK  [0m] Started Daily Cleanup of Temporary Directories.
[[0;32m  OK  [0m] Listening on UUID daemon activation socket.
[   25.376168] cloud-init[925]: |        S  o X.+=|
[   25.389350] cloud-init[925]: |          . o =.o|
[   25.395010] cloud-init[925]: |         + +   . |
[   25.398475] cloud-init[925]: |        . + o .  |
[   25.402098] cloud-init[925]: |        .o   E   |
[   25.406157] cloud-init[925]: +----[SHA256]-----+
[   25.409812] cloud-init[925]: Generating public/private dsa key pair.
[   25.414935] cloud-init[925]: Your identification has been saved in /etc/ssh/ssh_host_dsa_key.
[   25.420975] cloud-init[925]: Your public key has been saved in /etc/ssh/ssh_host_dsa_key.pub.
[   25.426217] cloud-init[925]: The key fingerprint is:
[   25.430005] cloud-init[925]: SHA256:O3RcOTCInx6SvBEhK6D6gWSyPlcMpJLuPtYfGu4TNOQ root@ubuntu-xenial
[   25.435435] cloud-init[925]: The key's randomart image is:
[   25.439788] cloud-init[925]: +---[DSA 1024]----+
[   25.443945] cloud-init[925]: |.  .. .o .o      |
[   25.456328] cloud-init[925]: |.oo. oo .  o .   |
[   25.456432] cloud-init[925]: |=++... + .  +    |
[   25.456464] cloud-init[925]: |Bo Eo = +. . .   |
[   25.456491] cloud-init[925]: |+.o .o =S.o      |
[   25.456517] cloud-init[925]: |o. o. ...o       |
[   25.456542] cloud-init[925]: | +oo..  o        |
[   25.456568] cloud-init[925]: |.o+oo .  .       |
[   25.457059] cloud-init[925]: |..o+o.           |
[   25.457516] cloud-init[925]: +----[SHA256]-----+
[   25.457946] cloud-init[925]: Generating public/private ecdsa key pair.
[   25.458406] cloud-init[925]: Your identification has been saved in /etc/ssh/ssh_host_ecdsa_key.
[   25.458903] cloud-init[925]: Your public key has been saved in /etc/ssh/ssh_host_ecdsa_key.pub.
[   25.459325] cloud-init[925]: The key fingerprint is:
         Starting LXD - unix socket.
[[0;32m  OK  [0m] Started Daily apt download activities.
[[0;32m  OK  [0m] Started Daily apt upgrade and clean activities.
[[0;32m  OK  [0m] Started Ubuntu Advantage update messaging.
[   25.459811] cloud-init[925]: SHA256:nsnYf9Ro52Gx8LUjg13qtU5AxvW09irWTEjpbnojdjY root@ubuntu-xenial
[   25.493157] cloud-init[925]: The key's randomart image is:
[   25.496918] cloud-init[925]: +---[ECDSA 256]---+
[   25.500092] cloud-init[925]: |               ..|
[   25.503813] cloud-init[925]: |            ....o|
[   25.507963] cloud-init[925]: |            o+ o.|
[   25.513048] cloud-init[925]: |           o+.o.o|
[   25.516664] cloud-init[925]: |        S   =*++o|
[   25.520121] cloud-init[925]: |       = o o+OO= |
[   25.523697] cloud-init[925]: |      . *  o*+Boo|
[[0;32m  OK  [0m] Started ACPI Events Check.
[[0;32m  OK  [0m] Reached target Paths.
[[0;32m  OK  [0m] Listening on ACPID Listen Socket.
[[0;32m  OK  [0m] Listening on D-Bus System Message Bus Socket.
         Starting Socket activation for snappy daemon.
[[0;32m  OK  [0m] Started Message of the Day.
[[0;32m  OK  [0m] Reached target Timers.
[   25.534940] cloud-init[925]: |         .o+Eoo. |
[   25.544901] cloud-init[925]: |         .o* o.. |
[   25.547408] cloud-init[925]: +----[SHA256]-----+
[[0;32m  OK  [0m] Reached target Network is Online.
[   25.547473] cloud-init[925]: Generating public/private ed25519 key pair.
[   25.561214] cloud-init[925]: Your identification has been saved in /etc/ssh/ssh_host_ed25519_key.
[   25.566898] cloud-init[925]: Your public key has been saved in /etc/ssh/ssh_host_ed25519_key.pub.
         Starting iSCSI initiator daemon (iscsid)...
[[0;32m  OK  [0m] Reached target Cloud-config availability.
[[0;32m  OK  [0m] Listening on LXD - unix socket.
[[0;32m  OK  [0m] Listening on Socket activation for snappy daemon.
[[0;32m  OK  [0m] Reached target Sockets.
[[0;32m  OK  [0m] Reached target Basic System.
         Starting System Logging Service...
[   25.571986] cloud-init[925]: The key fingerprint is:
[   25.590924] cloud-init[925]: SHA256:6CZ0wcekXO14H3bpho5oV+drKkUBtwi8YDN5+vn7028 root@ubuntu-xenial
[   25.598628] cloud-init[925]: The key's randomart image is:
         Starting Pollinate to seed the pseudo random number generator...
[   25.609594]          Starting Login Service...
cloud-init[925]: +--[ED25519 256]--+
[   25.620047] [[0;32m  OK  [0m] Started ACPI event daemon.
[[0;32m  OK  [0m] Started Deferred execution scheduler.
         Starting LSB: MD monitoring daemon...
         Starting /etc/rc.local Compatibility...
cloud-init[925]: [[0;32m  OK  [0m] Started FUSE filesystem for LXC.
|       o+....    |
[   25.640706] cloud-init[925]: |     o*=o..o..   |
[   25.645026] cloud-init[925]: |     .=*o+. .. . |
[   25.649504] cloud-init[925]: |      .+o o + o  |
[   25.653919] cloud-init[925]: |    . o.So + =   |
[   25.657525] cloud-init[925]: |   . o  o   = +  |
[   25.660988] cloud-init[925]: |    . o  o = =   |
[   25.664928] cloud-init[925]: |     o  o = o + E|
[   25.668651] cloud-init[925]: |       . ..+o+.+.|
[   25.673340] cloud-init[925]: +----[SHA256]-----+
         Starting Snap Daemon...
         Starting LSB: Record successful boot for GRUB...
         Starting Virtualbox guest utils...
[[0;32m  OK  [0m] Started Regular background program processing daemon.
[[0;32m  OK  [0m] Started D-Bus System Message Bus.
         Starting Accounts Service...
         Starting LXD - container startup/shutdown...
[[0;32m  OK  [0m] Started System Logging Service.
[[0;32m  OK  [0m] Started /etc/rc.local Compatibility.
[[0;32m  OK  [0m] Started Login Service.
[[0;32m  OK  [0m] Started Unattended Upgrades Shutdown.
[[0;32m  OK  [0m] Started LSB: MD monitoring daemon.
[[0;32m  OK  [0m] Started iSCSI initiator daemon (iscsid).
         Starting Login to default iSCSI targets...
[[0;32m  OK  [0m] Started LSB: Record successful boot for GRUB.
[[0;32m  OK  [0m] Started Login to default iSCSI targets.
[[0;32m  OK  [0m] Reached target Remote File Systems (Pre).
[[0;32m  OK  [0m] Reached target Remote File Systems.
         Starting Permit User Sessions...
         Starting LSB: Set the CPU Frequency Scaling governor to "ondemand"...
         Starting LSB: automatic crash report generation...
         Starting LSB: daemon to balance interrupts for SMP systems...
[[0;32m  OK  [0m] Started LSB: Set the CPU Frequency Scaling governor to "ondemand".
[[0;32m  OK  [0m] Started Permit User Sessions.
         Starting Terminate Plymouth Boot Screen...
         Starting Hold until boot process finishes up...
[[0;32m  OK  [0m] Started Terminate Plymouth Boot Screen.
[[0;32m  OK  [0m] Started Hold until boot process finishes up.
[[0;32m  OK  [0m] Started Getty on tty1.
[[0;32m  OK  [0m] Started Serial Getty on ttyS0.
[[0;32m  OK  [0m] Reached target Login Prompts.
         Starting Set console scheme...
[[0;32m  OK  [0m] Started Virtualbox guest utils.
[[0;32m  OK  [0m] Started LSB: daemon to balance interrupts for SMP systems.
[[0;32m  OK  [0m] Started Set console scheme.
[[0;32m  OK  [0m] Started LSB: automatic crash report generation.
         Starting Authenticate and Authorize Users to Run Privileged Tasks...
[[0;32m  OK  [0m] Started Authenticate and Authorize Users to Run Privileged Tasks.
[[0;32m  OK  [0m] Started Accounts Service.
[[0;32m  OK  [0m] Started Pollinate to seed the pseudo random number generator.
         Starting OpenBSD Secure Shell server...
[[0;32m  OK  [0m] Started OpenBSD Secure Shell server.
[[0;32m  OK  [0m] Created slice User Slice of vagrant.
         Starting User Manager for UID 1000...
[[0;32m  OK  [0m] Started Session 1 of user vagrant.
[[0;32m  OK  [0m] Started LXD - container startup/shutdown.
[[0;32m  OK  [0m] Started User Manager for UID 1000.
[[0;32m  OK  [0m] Started Snap Daemon.
         Starting Wait until snapd is fully seeded...

Ubuntu 16.04.7 LTS ubuntu-xenial ttyS0

ubuntu-xenial login: [   36.689394] cloud-init[1409]: Generating locales (this might take a while)...
[   38.285908] cloud-init[1409]:   en_US.UTF-8... done
[   38.292392] cloud-init[1409]: Generation complete.
[   39.673612] cloud-init[1409]: Cloud-init v. 21.1-19-gbad84ad4-0ubuntu1~16.04.2 running 'modules:config' at Wed, 08 Feb 2023 17:51:19 +0000. Up 35.80 seconds.
ci-info: no authorized SSH keys fingerprints found for user ubuntu.
<14>Feb  8 17:51:23 ec2: 
<14>Feb  8 17:51:23 ec2: #############################################################
<14>Feb  8 17:51:23 ec2: -----BEGIN SSH HOST KEY FINGERPRINTS-----
<14>Feb  8 17:51:23 ec2: 1024 SHA256:O3RcOTCInx6SvBEhK6D6gWSyPlcMpJLuPtYfGu4TNOQ root@ubuntu-xenial (DSA)
<14>Feb  8 17:51:23 ec2: 256 SHA256:nsnYf9Ro52Gx8LUjg13qtU5AxvW09irWTEjpbnojdjY root@ubuntu-xenial (ECDSA)
<14>Feb  8 17:51:23 ec2: 256 SHA256:6CZ0wcekXO14H3bpho5oV+drKkUBtwi8YDN5+vn7028 root@ubuntu-xenial (ED25519)
<14>Feb  8 17:51:23 ec2: 2048 SHA256:VdYybXad2CERz824bTT81NhT3j4LbRKbjNPDOpK2Xp8 root@ubuntu-xenial (RSA)
<14>Feb  8 17:51:23 ec2: -----END SSH HOST KEY FINGERPRINTS-----
<14>Feb  8 17:51:23 ec2: #############################################################
-----BEGIN SSH HOST KEY KEYS-----
ecdsa-sha2-nistp256 AAAAE2VjZHNhLXNoYTItbmlzdHAyNTYAAAAIbmlzdHAyNTYAAABBBAr6L32Wo+duOAd7WYi4ez0E8WhUIWhb7RzbifA9kWtp5DkPZlvyNbrdvFCwQ3mH5g/1WQ9gxZ6V1Smc1oKl55A= root@ubuntu-xenial
ssh-ed25519 AAAAC3NzaC1lZDI1NTE5AAAAIHOXe8QBuIuUzEPAIvorJBoCBSIeso4ToWzosEXztnfT root@ubuntu-xenial
ssh-rsa AAAAB3NzaC1yc2EAAAADAQABAAABAQDau329qT+7/nSOWCDs6QIlk8XivPE0dFcxXABV2QUmCxcBYmPuuIpo88j6wAGrFW39sbcr4qqPpDya/jJezVVJtwxc4ICndLyPku7/gL+N0cPoTaX/p6ywVKSBZqczoZ05dEymbcpgk/KRutj216Z4lmkhijpLBQVfgNfg1uuF4m1o2T2zB6n7IT8cgbrRdw5Sp6tKPmklG+0Vfot4/hzUngvChhHu3fDD7+3aJu/nr9R6YDQAfUtSu7ZSJgbSDnBrMTayrKIqHniuN2Jb1IBVfmpNIUVN6x9bA3jXCLzW3s4iEEV1CSJO7D15HYPZCsj8Y0RjNwmRV2nAoGv1N6XD root@ubuntu-xenial
-----END SSH HOST KEY KEYS-----
[   40.394198] cloud-init[1625]: Cloud-init v. 21.1-19-gbad84ad4-0ubuntu1~16.04.2 running 'modules:final' at Wed, 08 Feb 2023 17:51:23 +0000. Up 40.06 seconds.
[   40.394415] cloud-init[1625]: ci-info: no authorized SSH keys fingerprints found for user ubuntu.
[   40.394876] cloud-init[1625]: Cloud-init v. 21.1-19-gbad84ad4-0ubuntu1~16.04.2 finished at Wed, 08 Feb 2023 17:51:23 +0000. Datasource DataSourceNoCloud [seed=/dev/sdb][dsmode=net].  Up 40.35 seconds
